<?xml version="1.0" encoding="UTF-8"?>
<!-- Generated by org.testng.reporters.JUnitXMLReporter -->
<testsuite ignored="0" hostname="LAPTOP-AS1U2ANL" failures="0" tests="3" name="Default test" time="26.334" errors="0" timestamp="2023-02-26T13:44:36 IST">
  <testcase classname="test.HomePageTest" name="WomenClothing" time="4.344"/>
  <testcase classname="test.HomePageTest" name="validateSearchResults" time="0.136"/>
  <testcase classname="test.HomePageTest" name="show" time="10.838"/>
</testsuite> <!-- Default test -->
